[debug] [2020-08-29T12:22:43.126Z] ----------------------------------------------------------------------
[debug] [2020-08-29T12:22:43.128Z] Command:       C:\Program Files\nodejs\node.exe C:\Users\ankit\AppData\Roaming\npm\node_modules\firebase-tools\lib\bin\firebase.js deploy
[debug] [2020-08-29T12:22:43.128Z] CLI Version:   8.9.0
[debug] [2020-08-29T12:22:43.128Z] Platform:      win32
[debug] [2020-08-29T12:22:43.128Z] Node Version:  v12.18.0
[debug] [2020-08-29T12:22:43.130Z] Time:          Sat Aug 29 2020 17:52:43 GMT+0530 (India Standard Time)
[debug] [2020-08-29T12:22:43.130Z] ----------------------------------------------------------------------
[debug] [2020-08-29T12:22:43.130Z] 
[debug] [2020-08-29T12:22:43.140Z] > command requires scopes: ["email","openid","https://www.googleapis.com/auth/cloudplatformprojects.readonly","https://www.googleapis.com/auth/firebase","https://www.googleapis.com/auth/cloud-platform"]
[debug] [2020-08-29T12:22:43.140Z] > authorizing via signed-in user
[debug] [2020-08-29T12:22:43.140Z] [iam] checking project portfolio-app-5ad6d for permissions ["firebase.projects.get","firebasedatabase.instances.update","firebasehosting.sites.update"]
[debug] [2020-08-29T12:22:43.142Z] > refreshing access token with scopes: ["email","https://www.googleapis.com/auth/cloud-platform","https://www.googleapis.com/auth/cloudplatformprojects.readonly","https://www.googleapis.com/auth/firebase","openid"]
[debug] [2020-08-29T12:22:43.142Z] >>> HTTP REQUEST POST https://www.googleapis.com/oauth2/v3/token  
 <request body omitted>
[debug] [2020-08-29T12:22:43.553Z] <<< HTTP RESPONSE 200 {"content-type":"application/json; charset=utf-8","vary":"X-Origin, Referer, Origin,Accept-Encoding","date":"Sat, 29 Aug 2020 12:22:48 GMT","server":"scaffolding on HTTPServer2","cache-control":"private","x-xss-protection":"0","x-frame-options":"SAMEORIGIN","x-content-type-options":"nosniff","alt-svc":"h3-29=\":443\"; ma=2592000,h3-27=\":443\"; ma=2592000,h3-T051=\":443\"; ma=2592000,h3-T050=\":443\"; ma=2592000,h3-Q050=\":443\"; ma=2592000,h3-Q046=\":443\"; ma=2592000,h3-Q043=\":443\"; ma=2592000,quic=\":443\"; ma=2592000; v=\"46,43\"","accept-ranges":"none","transfer-encoding":"chunked"}
[debug] [2020-08-29T12:22:43.564Z] >>> HTTP REQUEST POST https://cloudresourcemanager.googleapis.com/v1/projects/portfolio-app-5ad6d:testIamPermissions  
 {"permissions":["firebase.projects.get","firebasedatabase.instances.update","firebasehosting.sites.update"]}
[debug] [2020-08-29T12:22:54.664Z] [iam] error while checking permissions, command may fail: FirebaseError: Server Error. getaddrinfo ENOTFOUND cloudresourcemanager.googleapis.com
[debug] [2020-08-29T12:22:54.667Z] >>> HTTP REQUEST GET https://firebase.googleapis.com/v1beta1/projects/portfolio-app-5ad6d  
 
[debug] [2020-08-29T12:23:01.057Z] <<< HTTP RESPONSE 200 {"content-type":"application/json; charset=UTF-8","vary":"X-Origin, Referer, Origin,Accept-Encoding","date":"Sat, 29 Aug 2020 12:23:05 GMT","server":"ESF","cache-control":"private","x-xss-protection":"0","x-frame-options":"SAMEORIGIN","x-content-type-options":"nosniff","alt-svc":"h3-29=\":443\"; ma=2592000,h3-27=\":443\"; ma=2592000,h3-T051=\":443\"; ma=2592000,h3-T050=\":443\"; ma=2592000,h3-Q050=\":443\"; ma=2592000,h3-Q046=\":443\"; ma=2592000,h3-Q043=\":443\"; ma=2592000,quic=\":443\"; ma=2592000; v=\"46,43\"","accept-ranges":"none","transfer-encoding":"chunked"}
[info] 
[info] === Deploying to 'portfolio-app-5ad6d'...
[info] 
[info] i  deploying database, hosting 
[info] i  database: checking rules syntax... 
[debug] [2020-08-29T12:23:01.061Z] >>> HTTP REQUEST PUT https://portfolio-app-5ad6d.firebaseio.com/.settings/rules.json?dryRun=true  
 {
  "rules": {
    ".read": "auth != null",
    ".write": "auth != null"
  }
}
[debug] [2020-08-29T12:23:02.308Z] <<< HTTP RESPONSE 200 {"server":"nginx","date":"Sat, 29 Aug 2020 12:23:06 GMT","content-type":"application/json; charset=utf-8","content-length":"15","connection":"keep-alive","access-control-allow-origin":"*","cache-control":"no-cache","strict-transport-security":"max-age=31556926; includeSubDomains; preload"}
[info] +  database: rules syntax for database portfolio-app-5ad6d is valid 
[debug] [2020-08-29T12:23:02.312Z] >>> HTTP REQUEST POST https://firebasehosting.googleapis.com/v1beta1/sites/portfolio-app-5ad6d/versions  
 {"config":{"rewrites":[{"glob":"**","path":"/index.html"}],"headers":[{"glob":"/service-worker.js","headers":{"Cache-Control":"no-cache"}}]},"labels":{"deployment-tool":"cli-firebase"}}
[debug] [2020-08-29T12:23:08.915Z] Error: getaddrinfo EAI_AGAIN firebasehosting.googleapis.com
    at GetAddrInfoReqWrap.onlookup [as oncomplete] (dns.js:66:26)
[error] 
[error] Error: Server Error. getaddrinfo EAI_AGAIN firebasehosting.googleapis.com
